<?xml version="1.0" encoding="UTF-8"?>
<!-- Generated by org.testng.reporters.JUnitReportReporter -->
<testsuite hostname="Dev-Lappy" name="OrgTest.SelTestClass" tests="1" failures="0" timestamp="2 Mar 2019 01:15:10 GMT" time="4.047" errors="0">
  <testcase name="testA" time="4.047" classname="OrgTest.SelTestClass"/>
</testsuite> <!-- OrgTest.SelTestClass -->
