<?xml version="1.0" encoding="UTF-8"?>
<!-- Generated by org.testng.reporters.JUnitReportReporter -->
<testsuite hostname="Dev-Lappy" name="OrgTest.SelTestClass" tests="2" failures="0" timestamp="2 Mar 2019 04:04:44 GMT" time="47.091" errors="0">
  <testcase name="testA" time="5.302" classname="OrgTest.SelTestClass"/>
  <testcase name="testB" time="41.789" classname="OrgTest.SelTestClass"/>
</testsuite> <!-- OrgTest.SelTestClass -->
