<?xml version="1.0" encoding="UTF-8"?>
<!-- Generated by org.testng.reporters.JUnitReportReporter -->
<testsuite hostname="Dev-Lappy" name="OrgTest.SelTestClass" tests="2" failures="0" timestamp="2 Mar 2019 10:23:21 GMT" time="45.317" errors="0">
  <testcase name="testB" time="39.497" classname="OrgTest.SelTestClass"/>
  <testcase name="testA" time="5.820" classname="OrgTest.SelTestClass"/>
</testsuite> <!-- OrgTest.SelTestClass -->
