<?xml version="1.0" encoding="UTF-8"?>
<!-- Generated by org.testng.reporters.JUnitReportReporter -->
<testsuite hostname="Dev-Lappy" name="OrgTest.SelTestClass" tests="1" failures="0" timestamp="2 Mar 2019 01:41:47 GMT" time="6.942" errors="0">
  <testcase name="testA" time="6.942" classname="OrgTest.SelTestClass"/>
</testsuite> <!-- OrgTest.SelTestClass -->
